<?xml version="1.0" encoding="UTF-8"?>
<testsuite xmlns:xsi="http://www.w3.org/2001/XMLSchema-instance" xsi:noNamespaceSchemaLocation="https://maven.apache.org/surefire/maven-surefire-plugin/xsd/surefire-test-report-3.0.xsd" version="3.0" name="TestSuite" time="2.906" tests="1" errors="0" skipped="0" failures="1">
  <properties>
[...]
</properties>
  <testcase name="setUpClass[org.testng.TestRunner@23d46e1f](0)" classname="runners.runner" time="1.245">
    <failure message="Failed to parse resource at: classpath:features/Contact_Us.feature&#10;(5:3): expected: #TagLine, #RuleLine, #Comment, #Empty, got &apos;Scenario Validate Succesful Submission - Unique Data&apos;&#10;(6:5): expected: #TagLine, #RuleLine, #Comment, #Empty, got &apos;Given i access the webdriver university contact us page&apos;&#10;(7:5): expected: #TagLine, #RuleLine, #Comment, #Empty, got &apos;When i enter a unique first name&apos;&#10;(8:5): expected: #TagLine, #RuleLine, #Comment, #Empty, got &apos;And i enter a unique last name&apos;&#10;(9:5): expected: #TagLine, #RuleLine, #Comment, #Empty, got &apos;And i enter a unique e-mail adress&apos;&#10;(10:5): expected: #TagLine, #RuleLine, #Comment, #Empty, got &apos;And i enter a unique comment&apos;&#10;(11:5): expected: #TagLine, #RuleLine, #Comment, #Empty, got &apos;And i click on the submit botton&apos;&#10;(12:5): expected: #TagLine, #RuleLine, #Comment, #Empty, got &apos;Then i should be presented with a succesful contact us submission message&apos;&#10;(13:5): expected: #TagLine, #RuleLine, #Comment, #Empty, got &apos;And i want to run the scenario 10 times&apos;&#10;(17:3): expected: #TagLine, #RuleLine, #Comment, #Empty, got &apos;Scenario: Validate Succesful Submission - Specific Data&apos;&#10;(18:5): expected: #TagLine, #RuleLine, #Comment, #Empty, got &apos;Given i access the webdriver university contact us page&apos;" type="io.cucumber.core.gherkin.FeatureParserException"><![CDATA[io.cucumber.core.gherkin.FeatureParserException: 
Failed to parse resource at: classpath:features/Contact_Us.feature
(5:3): expected: #TagLine, #RuleLine, #Comment, #Empty, got 'Scenario Validate Succesful Submission - Unique Data'
(6:5): expected: #TagLine, #RuleLine, #Comment, #Empty, got 'Given i access the webdriver university contact us page'
(7:5): expected: #TagLine, #RuleLine, #Comment, #Empty, got 'When i enter a unique first name'
(8:5): expected: #TagLine, #RuleLine, #Comment, #Empty, got 'And i enter a unique last name'
(9:5): expected: #TagLine, #RuleLine, #Comment, #Empty, got 'And i enter a unique e-mail adress'
(10:5): expected: #TagLine, #RuleLine, #Comment, #Empty, got 'And i enter a unique comment'
(11:5): expected: #TagLine, #RuleLine, #Comment, #Empty, got 'And i click on the submit botton'
(12:5): expected: #TagLine, #RuleLine, #Comment, #Empty, got 'Then i should be presented with a succesful contact us submission message'
(13:5): expected: #TagLine, #RuleLine, #Comment, #Empty, got 'And i want to run the scenario 10 times'
(17:3): expected: #TagLine, #RuleLine, #Comment, #Empty, got 'Scenario: Validate Succesful Submission - Specific Data'
(18:5): expected: #TagLine, #RuleLine, #Comment, #Empty, got 'Given i access the webdriver university contact us page'
	at io.cucumber.core.gherkin.messages.GherkinMessagesFeatureParser.parse(GherkinMessagesFeatureParser.java:53)
	at io.cucumber.core.feature.FeatureParser.parseResource(FeatureParser.java:45)
	at java.base/java.util.function.BiFunction.lambda$andThen$0(BiFunction.java:70)
	at io.cucumber.core.resource.ResourceScanner.lambda$processResource$1(ResourceScanner.java:79)
	at io.cucumber.core.resource.PathScanner$ResourceFileVisitor.visitFile(PathScanner.java:75)
	at io.cucumber.core.resource.PathScanner$ResourceFileVisitor.visitFile(PathScanner.java:60)
	at java.base/java.nio.file.Files.walkFileTree(Files.java:2811)
	at io.cucumber.core.resource.PathScanner.findResourcesForPath(PathScanner.java:53)
	at io.cucumber.core.resource.PathScanner.findResourcesForUri(PathScanner.java:31)
	at io.cucumber.core.resource.ResourceScanner.findResourcesForUri(ResourceScanner.java:61)
	at io.cucumber.core.resource.ResourceScanner.lambda$findResourcesForUris$3(ResourceScanner.java:104)
	at java.base/java.util.stream.ReferencePipeline$3$1.accept(ReferencePipeline.java:197)
	at java.base/java.util.ArrayList$ArrayListSpliterator.forEachRemaining(ArrayList.java:1625)
	at java.base/java.util.stream.AbstractPipeline.copyInto(AbstractPipeline.java:509)
	at java.base/java.util.stream.AbstractPipeline.wrapAndCopyInto(AbstractPipeline.java:499)
	at java.base/java.util.stream.ReduceOps$ReduceOp.evaluateSequential(ReduceOps.java:921)
	at java.base/java.util.stream.AbstractPipeline.evaluate(AbstractPipeline.java:234)
	at java.base/java.util.stream.ReferencePipeline.collect(ReferencePipeline.java:682)
	at io.cucumber.core.resource.ResourceScanner.findResourcesForUris(ResourceScanner.java:107)
	at io.cucumber.core.resource.ResourceScanner.scanForClasspathResource(ResourceScanner.java:115)
	at io.cucumber.core.resource.ResourceScanner.scanForResourcesUri(ResourceScanner.java:131)
	at io.cucumber.core.runtime.FeaturePathFeatureSupplier.loadFeatures(FeaturePathFeatureSupplier.java:62)
	at io.cucumber.core.runtime.FeaturePathFeatureSupplier.get(FeaturePathFeatureSupplier.java:45)
	at io.cucumber.testng.TestNGCucumberRunner.<init>(TestNGCucumberRunner.java:122)
	at io.cucumber.testng.AbstractTestNGCucumberTests.setUpClass(AbstractTestNGCucumberTests.java:27)
	at java.base/jdk.internal.reflect.NativeMethodAccessorImpl.invoke0(Native Method)
	at java.base/jdk.internal.reflect.NativeMethodAccessorImpl.invoke(NativeMethodAccessorImpl.java:77)
	at java.base/jdk.internal.reflect.DelegatingMethodAccessorImpl.invoke(DelegatingMethodAccessorImpl.java:43)
	at java.base/java.lang.reflect.Method.invoke(Method.java:568)
	at org.testng.internal.MethodInvocationHelper.invokeMethod(MethodInvocationHelper.java:133)
	at org.testng.internal.MethodInvocationHelper.invokeMethodConsideringTimeout(MethodInvocationHelper.java:62)
	at org.testng.internal.ConfigInvoker.invokeConfigurationMethod(ConfigInvoker.java:385)
	at org.testng.internal.ConfigInvoker.invokeConfigurations(ConfigInvoker.java:321)
	at org.testng.internal.TestMethodWorker.invokeBeforeClassMethods(TestMethodWorker.java:176)
	at org.testng.internal.TestMethodWorker.run(TestMethodWorker.java:122)
	at java.base/java.util.concurrent.ThreadPoolExecutor.runWorker(ThreadPoolExecutor.java:1136)
	at java.base/java.util.concurrent.ThreadPoolExecutor$Worker.run(ThreadPoolExecutor.java:635)
	at java.base/java.lang.Thread.run(Thread.java:833)
]]></failure>
  </testcase>
</testsuite>