<?xml version="1.0" encoding="UTF-8"?>
<!-- Generated by org.testng.reporters.JUnitXMLReporter -->
<testsuite ignored="0" hostname="DESKTOP-93JFQ2E" failures="0" tests="0" name="Test" time="0.599" errors="0" timestamp="2023-09-25T23:28:23 PDT">
  <testcase classname="io.cucumber.testng.AbstractTestNGCucumberTests" name="@BeforeClass setUpClass" time="0.549">
    <failure type="io.cucumber.core.gherkin.FeatureParserException" message="Failed to parse resource at: classpath:features/Contact_Us.feature
(5:3): expected: #TagLine, #RuleLine, #Comment, #Empty, got &amp;apos;Scenario Validate Succesful Submission - Unique Data&amp;apos;
(6:5): expected: #TagLine, #RuleLine, #Comment, #Empty, got &amp;apos;Given i access the webdriver university contact us page&amp;apos;
(7:5): expected: #TagLine, #RuleLine, #Comment, #Empty, got &amp;apos;When i enter a unique first name&amp;apos;
(8:5): expected: #TagLine, #RuleLine, #Comment, #Empty, got &amp;apos;And i enter a unique last name&amp;apos;
(9:5): expected: #TagLine, #RuleLine, #Comment, #Empty, got &amp;apos;And i enter a unique e-mail adress&amp;apos;
(10:5): expected: #TagLine, #RuleLine, #Comment, #Empty, got &amp;apos;And i enter a unique comment&amp;apos;
(11:5): expected: #TagLine, #RuleLine, #Comment, #Empty, got &amp;apos;And i click on the submit botton&amp;apos;
(12:5): expected: #TagLine, #RuleLine, #Comment, #Empty, got &amp;apos;Then i should be presented with a succesful contact us submission message&amp;apos;
(13:5): expected: #TagLine, #RuleLine, #Comment, #Empty, got &amp;apos;And i want to run the scenario 10 times&amp;apos;
(17:3): expected: #TagLine, #RuleLine, #Comment, #Empty, got &amp;apos;Scenario: Validate Succesful Submission - Specific Data&amp;apos;
(18:5): expected: #TagLine, #RuleLine, #Comment, #Empty, got &amp;apos;Given i access the webdriver university contact us page&amp;apos;">
      <![CDATA[io.cucumber.core.gherkin.FeatureParserException: Failed to parse resource at: classpath:features/Contact_Us.feature
(5:3): expected: #TagLine, #RuleLine, #Comment, #Empty, got 'Scenario Validate Succesful Submission - Unique Data'
(6:5): expected: #TagLine, #RuleLine, #Comment, #Empty, got 'Given i access the webdriver university contact us page'
(7:5): expected: #TagLine, #RuleLine, #Comment, #Empty, got 'When i enter a unique first name'
(8:5): expected: #TagLine, #RuleLine, #Comment, #Empty, got 'And i enter a unique last name'
(9:5): expected: #TagLine, #RuleLine, #Comment, #Empty, got 'And i enter a unique e-mail adress'
(10:5): expected: #TagLine, #RuleLine, #Comment, #Empty, got 'And i enter a unique comment'
(11:5): expected: #TagLine, #RuleLine, #Comment, #Empty, got 'And i click on the submit botton'
(12:5): expected: #TagLine, #RuleLine, #Comment, #Empty, got 'Then i should be presented with a succesful contact us submission message'
(13:5): expected: #TagLine, #RuleLine, #Comment, #Empty, got 'And i want to run the scenario 10 times'
(17:3): expected: #TagLine, #RuleLine, #Comment, #Empty, got 'Scenario: Validate Succesful Submission - Specific Data'
(18:5): expected: #TagLine, #RuleLine, #Comment, #Empty, got 'Given i access the webdriver university contact us page'
at io.cucumber.core.gherkin.messages.GherkinMessagesFeatureParser.parse(GherkinMessagesFeatureParser.java:53)
at io.cucumber.core.feature.FeatureParser.parseResource(FeatureParser.java:45)
at java.base/java.util.function.BiFunction.lambda$andThen$0(BiFunction.java:70)
at io.cucumber.core.resource.ResourceScanner.lambda$processResource$1(ResourceScanner.java:79)
at io.cucumber.core.resource.PathScanner$ResourceFileVisitor.visitFile(PathScanner.java:75)
at io.cucumber.core.resource.PathScanner$ResourceFileVisitor.visitFile(PathScanner.java:60)
at java.base/java.nio.file.Files.walkFileTree(Files.java:2811)
at io.cucumber.core.resource.PathScanner.findResourcesForPath(PathScanner.java:53)
at io.cucumber.core.resource.PathScanner.findResourcesForUri(PathScanner.java:31)
at io.cucumber.core.resource.ResourceScanner.findResourcesForUri(ResourceScanner.java:61)
at io.cucumber.core.resource.ResourceScanner.lambda$findResourcesForUris$3(ResourceScanner.java:104)
at java.base/java.util.stream.ReferencePipeline$3$1.accept(ReferencePipeline.java:197)
at java.base/java.util.ArrayList$ArrayListSpliterator.forEachRemaining(ArrayList.java:1625)
at java.base/java.util.stream.AbstractPipeline.copyInto(AbstractPipeline.java:509)
at java.base/java.util.stream.AbstractPipeline.wrapAndCopyInto(AbstractPipeline.java:499)
at java.base/java.util.stream.ReduceOps$ReduceOp.evaluateSequential(ReduceOps.java:921)
at java.base/java.util.stream.AbstractPipeline.evaluate(AbstractPipeline.java:234)
at java.base/java.util.stream.ReferencePipeline.collect(ReferencePipeline.java:682)
at io.cucumber.core.resource.ResourceScanner.findResourcesForUris(ResourceScanner.java:107)
at io.cucumber.core.resource.ResourceScanner.scanForClasspathResource(ResourceScanner.java:115)
at io.cucumber.core.resource.ResourceScanner.scanForResourcesUri(ResourceScanner.java:131)
at io.cucumber.core.runtime.FeaturePathFeatureSupplier.loadFeatures(FeaturePathFeatureSupplier.java:62)
at io.cucumber.core.runtime.FeaturePathFeatureSupplier.get(FeaturePathFeatureSupplier.java:45)
at io.cucumber.testng.TestNGCucumberRunner.<init>(TestNGCucumberRunner.java:122)
at io.cucumber.testng.AbstractTestNGCucumberTests.setUpClass(AbstractTestNGCucumberTests.java:27)
at java.base/java.util.concurrent.ThreadPoolExecutor.runWorker(ThreadPoolExecutor.java:1136)
at java.base/java.util.concurrent.ThreadPoolExecutor$Worker.run(ThreadPoolExecutor.java:635)
at java.base/java.lang.Thread.run(Thread.java:833)
... Removed 10 stack frames]]>
    </failure>
  </testcase> <!-- @BeforeClass setUpClass -->
</testsuite> <!-- Test -->
